<?xml version="1.0" encoding="UTF-8"?>
<!-- Generated by org.testng.reporters.JUnitReportReporter -->
<testsuite hostname="Sonny" failures="0" tests="5" name="Tests.BuyAndGetShipTest" time="53.853" errors="0" timestamp="2025-03-31T22:08:58 ICT" skipped="0">
  <testcase classname="Tests.BuyAndGetShipTest" name="testLogin" time="7.234"/>
  <system-out/>
  <testcase classname="Tests.BuyAndGetShipTest" name="testBuyAndGetShip" time="9.458"/>
  <system-out/>
  <testcase classname="Tests.BuyAndGetShipTest" name="testBuyWitoutDistrict" time="8.564"/>
  <system-out/>
  <testcase classname="Tests.BuyAndGetShipTest" name="testWithoutWard" time="19.495"/>
  <system-out/>
  <testcase classname="Tests.BuyAndGetShipTest" name="testWithoutAddress" time="9.102"/>
  <system-out/>
</testsuite> <!-- Tests.BuyAndGetShipTest -->
